{"/Users/oscaroceguerabibriesca/Documents/Repositorios/Ejemplos/Node-Examples/tv-maze/index.js":{"path":"/Users/oscaroceguerabibriesca/Documents/Repositorios/Ejemplos/Node-Examples/tv-maze/index.js","s":{"1":1,"2":1,"3":5,"4":1},"b":{},"f":{"1":5},"fnMap":{"1":{"name":"createClient","line":3,"loc":{"start":{"line":3,"column":0},"end":{"line":3,"column":32}}}},"statementMap":{"1":{"start":{"line":1,"column":0},"end":{"line":1,"column":36}},"2":{"start":{"line":3,"column":0},"end":{"line":5,"column":1}},"3":{"start":{"line":4,"column":2},"end":{"line":4,"column":28}},"4":{"start":{"line":7,"column":0},"end":{"line":9,"column":1}}},"branchMap":{}},"/Users/oscaroceguerabibriesca/Documents/Repositorios/Ejemplos/Node-Examples/tv-maze/lib/client.js":{"path":"/Users/oscaroceguerabibriesca/Documents/Repositorios/Ejemplos/Node-Examples/tv-maze/lib/client.js","s":{"1":1,"2":1,"3":1,"4":5,"5":5,"6":1,"7":4,"8":4,"9":1,"10":4,"11":4,"12":1,"13":3,"14":1,"15":2,"16":1,"17":1,"18":1,"19":1,"20":1},"b":{"1":[5,1],"2":[5,1],"3":[1,3],"4":[1,3],"5":[1,2]},"f":{"1":5,"2":4,"3":4,"4":1,"5":1},"fnMap":{"1":{"name":"Client","line":4,"loc":{"start":{"line":4,"column":0},"end":{"line":4,"column":26}}},"2":{"name":"(anonymous_2)","line":9,"loc":{"start":{"line":9,"column":28},"end":{"line":9,"column":70}}},"3":{"name":"(anonymous_3)","line":20,"loc":{"start":{"line":20,"column":4},"end":{"line":20,"column":30}}},"4":{"name":"(anonymous_4)","line":29,"loc":{"start":{"line":29,"column":25},"end":{"line":29,"column":45}}},"5":{"name":"(anonymous_5)","line":33,"loc":{"start":{"line":33,"column":26},"end":{"line":33,"column":52}}}},"statementMap":{"1":{"start":{"line":1,"column":0},"end":{"line":1,"column":39}},"2":{"start":{"line":2,"column":0},"end":{"line":2,"column":31}},"3":{"start":{"line":4,"column":0},"end":{"line":7,"column":1}},"4":{"start":{"line":5,"column":2},"end":{"line":5,"column":30}},"5":{"start":{"line":6,"column":2},"end":{"line":6,"column":65}},"6":{"start":{"line":9,"column":0},"end":{"line":27,"column":1}},"7":{"start":{"line":10,"column":1},"end":{"line":10,"column":31}},"8":{"start":{"line":12,"column":1},"end":{"line":14,"column":2}},"9":{"start":{"line":13,"column":2},"end":{"line":13,"column":37}},"10":{"start":{"line":16,"column":1},"end":{"line":26,"column":3}},"11":{"start":{"line":21,"column":2},"end":{"line":21,"column":31}},"12":{"start":{"line":21,"column":11},"end":{"line":21,"column":31}},"13":{"start":{"line":23,"column":2},"end":{"line":23,"column":91}},"14":{"start":{"line":23,"column":30},"end":{"line":23,"column":91}},"15":{"start":{"line":25,"column":2},"end":{"line":25,"column":22}},"16":{"start":{"line":29,"column":0},"end":{"line":31,"column":1}},"17":{"start":{"line":30,"column":1},"end":{"line":30,"column":47}},"18":{"start":{"line":33,"column":0},"end":{"line":35,"column":1}},"19":{"start":{"line":34,"column":1},"end":{"line":34,"column":61}},"20":{"start":{"line":37,"column":0},"end":{"line":37,"column":24}}},"branchMap":{"1":{"line":5,"type":"binary-expr","locations":[{"start":{"line":5,"column":17},"end":{"line":5,"column":24}},{"start":{"line":5,"column":28},"end":{"line":5,"column":30}}]},"2":{"line":6,"type":"binary-expr","locations":[{"start":{"line":6,"column":18},"end":{"line":6,"column":39}},{"start":{"line":6,"column":43},"end":{"line":6,"column":65}}]},"3":{"line":12,"type":"if","locations":[{"start":{"line":12,"column":1},"end":{"line":12,"column":1}},{"start":{"line":12,"column":1},"end":{"line":12,"column":1}}]},"4":{"line":21,"type":"if","locations":[{"start":{"line":21,"column":2},"end":{"line":21,"column":2}},{"start":{"line":21,"column":2},"end":{"line":21,"column":2}}]},"5":{"line":23,"type":"if","locations":[{"start":{"line":23,"column":2},"end":{"line":23,"column":2}},{"start":{"line":23,"column":2},"end":{"line":23,"column":2}}]}}}}