TN:
SF:/Users/oscaroceguerabibriesca/Documents/Repositorios/Ejemplos/Node-Examples/tv-maze/index.js
FN:3,createClient
FNF:1
FNH:1
FNDA:5,createClient
DA:1,1
DA:3,1
DA:4,5
DA:7,1
LF:4
LH:4
BRF:0
BRH:0
end_of_record
TN:
SF:/Users/oscaroceguerabibriesca/Documents/Repositorios/Ejemplos/Node-Examples/tv-maze/lib/client.js
FN:4,Client
FN:9,(anonymous_2)
FN:20,(anonymous_3)
FN:29,(anonymous_4)
FN:33,(anonymous_5)
FNF:5
FNH:5
FNDA:5,Client
FNDA:4,(anonymous_2)
FNDA:4,(anonymous_3)
FNDA:1,(anonymous_4)
FNDA:1,(anonymous_5)
DA:1,1
DA:2,1
DA:4,1
DA:5,5
DA:6,5
DA:9,1
DA:10,4
DA:12,4
DA:13,1
DA:16,4
DA:21,4
DA:23,3
DA:25,2
DA:29,1
DA:30,1
DA:33,1
DA:34,1
DA:37,1
LF:18
LH:18
BRDA:5,1,0,5
BRDA:5,1,1,1
BRDA:6,2,0,5
BRDA:6,2,1,1
BRDA:12,3,0,1
BRDA:12,3,1,3
BRDA:21,4,0,1
BRDA:21,4,1,3
BRDA:23,5,0,1
BRDA:23,5,1,2
BRF:10
BRH:10
end_of_record
